<?xml version="1.0" encoding="UTF-8"?>
<!-- Generated by org.testng.reporters.JUnitReportReporter -->
<testsuite hostname="DESKTOP-6E2LR27" failures="0" tests="1" name="vtigersample.PracticeTest" time="19.551" errors="0" timestamp="2023-07-10T11:36:55 IST" skipped="0">
  <testcase classname="vtigersample.PracticeTest" name="m1" time="19.551"/>
  <system-out/>
</testsuite> <!-- vtigersample.PracticeTest -->
